TN:
SF:/Users/zhangshun/workspace/groups/kangning1206/uxcore-textarea-form-field/src/index.js
FNF:0
FNH:0
DA:11,1
LF:1
LH:1
BRF:0
BRH:0
end_of_record
TN:
SF:/Users/zhangshun/workspace/groups/kangning1206/uxcore-textarea-form-field/src/TextareaFormField.jsx
FN:3,_defaults
FN:5,_classCallCheck
FN:7,_possibleConstructorReturn
FN:9,_inherits
FN:11,_defineProperty
FN:28,trim
FN:32,FormCount
FN:69,(anonymous_8)
FN:72,TextAreaFormField
FN:78,componentDidMount
FN:92,componentWillUnmount
FN:102,componentDidUpdate
FN:118,saveRef
FN:120,(anonymous_14)
FN:125,handleChange
FN:136,addSpecificClass
FN:144,handleFocus
FN:148,handleBlur
FN:157,handleKeyDown
FN:162,getCount
FN:166,(anonymous_21)
FN:182,renderField
FN:236,onBlur
FN:237,onFocus
FN:238,onKeyDown
FNF:25
FNH:25
FNDA:1,_defaults
FNDA:15,_classCallCheck
FNDA:15,_possibleConstructorReturn
FNDA:1,_inherits
FNDA:4,_defineProperty
FNDA:1,trim
FNDA:2,FormCount
FNDA:1,(anonymous_8)
FNDA:15,TextAreaFormField
FNDA:15,componentDidMount
FNDA:1,componentWillUnmount
FNDA:3,componentDidUpdate
FNDA:16,saveRef
FNDA:19,(anonymous_14)
FNDA:1,handleChange
FNDA:18,addSpecificClass
FNDA:1,handleFocus
FNDA:1,handleBlur
FNDA:1,handleKeyDown
FNDA:18,getCount
FNDA:2,(anonymous_21)
FNDA:18,renderField
FNDA:1,onBlur
FNDA:1,onFocus
FNDA:1,onKeyDown
DA:3,8
DA:5,15
DA:7,15
DA:9,1
DA:11,4
DA:21,1
DA:22,1
DA:23,1
DA:24,1
DA:25,1
DA:26,1
DA:28,1
DA:29,1
DA:32,1
DA:33,2
DA:35,2
DA:58,1
DA:59,1
DA:65,1
DA:69,1
DA:70,1
DA:72,1
DA:73,15
DA:75,15
DA:78,1
DA:79,15
DA:80,15
DA:81,2
DA:82,2
DA:87,15
DA:88,14
DA:92,1
DA:93,1
DA:94,1
DA:95,1
DA:97,1
DA:98,1
DA:102,1
DA:103,3
DA:104,3
DA:105,3
DA:106,3
DA:107,3
DA:108,2
DA:110,3
DA:111,1
DA:112,2
DA:113,0
DA:118,1
DA:119,16
DA:120,16
DA:121,19
DA:125,1
DA:126,1
DA:127,1
DA:129,1
DA:130,1
DA:131,1
DA:133,1
DA:136,1
DA:137,18
DA:138,18
DA:139,17
DA:141,1
DA:144,1
DA:145,1
DA:148,1
DA:149,1
DA:150,1
DA:151,1
DA:152,1
DA:154,1
DA:157,1
DA:158,1
DA:159,1
DA:162,1
DA:163,18
DA:164,18
DA:165,18
DA:166,18
DA:167,2
DA:168,2
DA:171,18
DA:172,2
DA:177,2
DA:179,16
DA:182,1
DA:183,18
DA:184,18
DA:185,18
DA:186,18
DA:187,16
DA:208,2
DA:220,1
DA:223,1
DA:224,1
DA:226,1
DA:235,1
DA:243,1
LF:99
LH:98
BRDA:3,1,0,3
BRDA:3,1,1,5
BRDA:3,2,0,8
BRDA:3,2,1,8
BRDA:3,2,2,3
BRDA:5,3,0,0
BRDA:5,3,1,15
BRDA:7,4,0,0
BRDA:7,4,1,15
BRDA:7,5,0,15
BRDA:7,5,1,0
BRDA:7,6,0,15
BRDA:7,6,1,15
BRDA:7,6,2,0
BRDA:9,7,0,0
BRDA:9,7,1,1
BRDA:9,8,0,1
BRDA:9,8,1,0
BRDA:9,9,0,1
BRDA:9,9,1,1
BRDA:9,10,0,1
BRDA:9,10,1,0
BRDA:9,11,0,0
BRDA:9,11,1,1
BRDA:11,12,0,0
BRDA:11,12,1,4
BRDA:80,13,0,2
BRDA:80,13,1,13
BRDA:87,14,0,14
BRDA:87,14,1,1
BRDA:94,15,0,1
BRDA:94,15,1,0
BRDA:97,16,0,1
BRDA:97,16,1,0
BRDA:104,17,0,3
BRDA:104,17,1,3
BRDA:105,18,0,3
BRDA:105,18,1,3
BRDA:106,19,0,3
BRDA:106,19,1,0
BRDA:107,20,0,2
BRDA:107,20,1,1
BRDA:110,21,0,1
BRDA:110,21,1,2
BRDA:110,22,0,3
BRDA:110,22,1,1
BRDA:112,23,0,0
BRDA:112,23,1,2
BRDA:112,24,0,2
BRDA:112,24,1,2
BRDA:130,25,0,1
BRDA:130,25,1,0
BRDA:138,26,0,17
BRDA:138,26,1,1
BRDA:151,27,0,1
BRDA:151,27,1,0
BRDA:167,28,0,2
BRDA:167,28,1,0
BRDA:167,29,0,2
BRDA:167,29,1,2
BRDA:167,29,2,2
BRDA:171,30,0,2
BRDA:171,30,1,16
BRDA:173,31,0,1
BRDA:173,31,1,1
BRDA:184,32,0,18
BRDA:184,32,1,17
BRDA:186,33,0,16
BRDA:186,33,1,2
BRDA:199,34,0,16
BRDA:199,34,1,13
BRF:71
BRH:55
end_of_record
